{"level":"error","message":"Access denied for user 'root'@'localhost' (using password: YES)","stack":"Error: Access denied for user 'root'@'localhost' (using password: YES)\n    at Packet.asError (C:\\Users\\tyhub\\Documents\\GitHub\\assignment2warserver\\node_modules\\mysql2\\lib\\packets\\packet.js:788:17)\n    at ClientHandshake.execute (C:\\Users\\tyhub\\Documents\\GitHub\\assignment2warserver\\node_modules\\mysql2\\lib\\commands\\command.js:29:26)\n    at PoolConnection.handlePacket (C:\\Users\\tyhub\\Documents\\GitHub\\assignment2warserver\\node_modules\\mysql2\\lib\\base\\connection.js:552:34)\n    at PacketParser.onPacket (C:\\Users\\tyhub\\Documents\\GitHub\\assignment2warserver\\node_modules\\mysql2\\lib\\base\\connection.js:102:12)\n    at PacketParser.executeStart (C:\\Users\\tyhub\\Documents\\GitHub\\assignment2warserver\\node_modules\\mysql2\\lib\\packet_parser.js:75:16)\n    at Socket.<anonymous> (C:\\Users\\tyhub\\Documents\\GitHub\\assignment2warserver\\node_modules\\mysql2\\lib\\base\\connection.js:109:25)\n    at Socket.emit (node:events:508:28)\n    at Socket.emit (node:domain:489:12)\n    at addChunk (node:internal/streams/readable:559:12)\n    at readableAddChunkPushByteMode (node:internal/streams/readable:510:3)","timestamp":"2026-03-30T15:42:14.348Z"}
{"level":"error","message":"Access denied for user 'root'@'localhost' (using password: YES)","stack":"Error: Access denied for user 'root'@'localhost' (using password: YES)\n    at Packet.asError (C:\\Users\\tyhub\\Documents\\GitHub\\assignment2warserver\\node_modules\\mysql2\\lib\\packets\\packet.js:788:17)\n    at ClientHandshake.execute (C:\\Users\\tyhub\\Documents\\GitHub\\assignment2warserver\\node_modules\\mysql2\\lib\\commands\\command.js:29:26)\n    at PoolConnection.handlePacket (C:\\Users\\tyhub\\Documents\\GitHub\\assignment2warserver\\node_modules\\mysql2\\lib\\base\\connection.js:552:34)\n    at PacketParser.onPacket (C:\\Users\\tyhub\\Documents\\GitHub\\assignment2warserver\\node_modules\\mysql2\\lib\\base\\connection.js:102:12)\n    at PacketParser.executeStart (C:\\Users\\tyhub\\Documents\\GitHub\\assignment2warserver\\node_modules\\mysql2\\lib\\packet_parser.js:75:16)\n    at Socket.<anonymous> (C:\\Users\\tyhub\\Documents\\GitHub\\assignment2warserver\\node_modules\\mysql2\\lib\\base\\connection.js:109:25)\n    at Socket.emit (node:events:508:28)\n    at Socket.emit (node:domain:489:12)\n    at addChunk (node:internal/streams/readable:559:12)\n    at readableAddChunkPushByteMode (node:internal/streams/readable:510:3)","timestamp":"2026-03-30T15:47:41.653Z"}
{"level":"error","message":"Access denied for user 'root'@'localhost' (using password: YES)","stack":"Error: Access denied for user 'root'@'localhost' (using password: YES)\n    at Packet.asError (C:\\Users\\tyhub\\Documents\\GitHub\\assignment2warserver\\node_modules\\mysql2\\lib\\packets\\packet.js:788:17)\n    at ClientHandshake.execute (C:\\Users\\tyhub\\Documents\\GitHub\\assignment2warserver\\node_modules\\mysql2\\lib\\commands\\command.js:29:26)\n    at PoolConnection.handlePacket (C:\\Users\\tyhub\\Documents\\GitHub\\assignment2warserver\\node_modules\\mysql2\\lib\\base\\connection.js:552:34)\n    at PacketParser.onPacket (C:\\Users\\tyhub\\Documents\\GitHub\\assignment2warserver\\node_modules\\mysql2\\lib\\base\\connection.js:102:12)\n    at PacketParser.executeStart (C:\\Users\\tyhub\\Documents\\GitHub\\assignment2warserver\\node_modules\\mysql2\\lib\\packet_parser.js:75:16)\n    at Socket.<anonymous> (C:\\Users\\tyhub\\Documents\\GitHub\\assignment2warserver\\node_modules\\mysql2\\lib\\base\\connection.js:109:25)\n    at Socket.emit (node:events:508:28)\n    at Socket.emit (node:domain:489:12)\n    at addChunk (node:internal/streams/readable:559:12)\n    at readableAddChunkPushByteMode (node:internal/streams/readable:510:3)","timestamp":"2026-03-30T15:48:26.796Z"}
{"level":"info","message":"Server listening on port 3000","timestamp":"2026-03-30T15:52:39.071Z"}
{"level":"info","message":"Server listening on port 3001","timestamp":"2026-03-30T15:54:39.997Z"}
{"level":"info","message":{"durationMs":10,"method":"GET","path":"/","statusCode":404},"timestamp":"2026-03-30T15:55:27.692Z"}
{"level":"info","message":{"durationMs":1,"method":"GET","path":"/","statusCode":404},"timestamp":"2026-03-30T15:56:02.583Z"}
{"level":"info","message":{"durationMs":1,"method":"GET","path":"/login","statusCode":404},"timestamp":"2026-03-30T15:56:09.531Z"}
{"level":"info","message":{"durationMs":2,"method":"GET","path":"/evaluations","statusCode":404},"timestamp":"2026-03-30T15:56:14.510Z"}
{"level":"info","message":"Server listening on port 4000","timestamp":"2026-03-30T15:57:47.516Z"}
{"level":"info","message":"Server listening on port 3000","timestamp":"2026-03-30T16:01:27.408Z"}
{"level":"info","message":{"durationMs":6,"method":"GET","path":"/","statusCode":404},"timestamp":"2026-03-30T16:01:34.641Z"}
{"level":"info","message":{"durationMs":3,"method":"GET","path":"/","statusCode":404},"timestamp":"2026-03-30T16:01:36.256Z"}
{"level":"info","message":{"durationMs":2,"method":"GET","path":"/","statusCode":404},"timestamp":"2026-03-30T16:01:39.690Z"}
{"level":"info","message":{"durationMs":2,"method":"GET","path":"/login","statusCode":404},"timestamp":"2026-03-30T16:01:44.702Z"}
{"level":"info","message":{"durationMs":1,"method":"GET","path":"/","statusCode":404},"timestamp":"2026-03-30T16:02:01.896Z"}
{"level":"info","message":{"durationMs":1,"method":"GET","path":"/user/register","statusCode":404},"timestamp":"2026-03-30T16:03:12.265Z"}
{"level":"info","message":"Server listening on port 3000","timestamp":"2026-03-30T16:04:44.924Z"}
{"level":"info","message":"Server listening on port 3050","timestamp":"2026-03-31T14:50:33.816Z"}
{"level":"info","message":"Server listening on port 8000","timestamp":"2026-03-31T14:53:05.139Z"}
{"level":"info","message":"Server listening on port 6000","timestamp":"2026-03-31T14:56:48.546Z"}
{"level":"info","message":{"durationMs":21,"method":"GET","path":"/","statusCode":404},"timestamp":"2026-03-31T14:57:23.685Z"}
{"level":"info","message":"Server listening on port 3000","timestamp":"2026-03-31T15:03:49.718Z"}
{"level":"info","message":"Server listening on port 3000","timestamp":"2026-03-31T15:08:12.351Z"}
{"level":"info","message":"Server listening on port 3000","timestamp":"2026-03-31T15:10:38.332Z"}
{"level":"info","message":{"durationMs":6,"method":"GET","path":"/","statusCode":404},"timestamp":"2026-03-31T15:10:46.470Z"}
{"level":"info","message":{"durationMs":197,"method":"POST","path":"/user/register","statusCode":201},"timestamp":"2026-03-31T15:10:55.861Z"}
{"level":"info","message":{"durationMs":120,"method":"POST","path":"/user","statusCode":200},"timestamp":"2026-03-31T15:10:57.521Z"}
{"level":"info","message":{"durationMs":130,"method":"POST","path":"/user","statusCode":200},"timestamp":"2026-03-31T15:11:47.471Z"}
{"level":"info","message":{"durationMs":120,"method":"POST","path":"/user","statusCode":200},"timestamp":"2026-03-31T15:11:48.062Z"}
{"level":"info","message":{"durationMs":110,"method":"POST","path":"/user","statusCode":200},"timestamp":"2026-03-31T15:11:59.793Z"}
{"level":"info","message":{"durationMs":114,"method":"POST","path":"/user","statusCode":200},"timestamp":"2026-03-31T15:12:00.527Z"}
{"level":"info","message":{"durationMs":112,"method":"POST","path":"/user","statusCode":200},"timestamp":"2026-03-31T15:12:00.714Z"}
{"level":"info","message":{"durationMs":112,"method":"POST","path":"/user","statusCode":200},"timestamp":"2026-03-31T15:12:00.924Z"}
{"level":"info","message":{"durationMs":1,"method":"GET","path":"/","statusCode":404},"timestamp":"2026-03-31T15:13:36.061Z"}
{"level":"info","message":{"durationMs":119,"method":"POST","path":"/user","statusCode":200},"timestamp":"2026-03-31T15:13:38.979Z"}
{"level":"info","message":{"durationMs":111,"method":"POST","path":"/user","statusCode":200},"timestamp":"2026-03-31T15:13:55.045Z"}
{"level":"info","message":{"durationMs":2,"method":"GET","path":"/","statusCode":404},"timestamp":"2026-03-31T15:14:00.252Z"}
{"level":"info","message":{"durationMs":2,"method":"GET","path":"/","statusCode":404},"timestamp":"2026-03-31T15:14:45.387Z"}
{"level":"info","message":"Server listening on port 2000","timestamp":"2026-03-31T15:18:06.223Z"}
{"level":"info","message":"Server listening on port 2000","timestamp":"2026-03-31T15:19:21.355Z"}
{"level":"info","message":"Server listening on port 3000","timestamp":"2026-03-31T15:20:24.351Z"}
{"level":"info","message":{"durationMs":133,"method":"POST","path":"/user","statusCode":200},"timestamp":"2026-03-31T15:26:38.701Z"}
